[13:09:28] [main/WARN]: Ambiguity between arguments [teleport, destination] and [teleport, targets] with inputs: [Player, 0123, @e, dd12be42-52a9-4a91-a8a1-11c01849e498]
[13:09:28] [main/WARN]: Ambiguity between arguments [teleport, location] and [teleport, destination] with inputs: [0.1 -0.5 .9, 0 0 0]
[13:09:28] [main/WARN]: Ambiguity between arguments [teleport, location] and [teleport, targets] with inputs: [0.1 -0.5 .9, 0 0 0]
[13:09:28] [main/WARN]: Ambiguity between arguments [teleport, targets] and [teleport, destination] with inputs: [Player, 0123, dd12be42-52a9-4a91-a8a1-11c01849e498]
[13:09:28] [main/WARN]: Ambiguity between arguments [teleport, targets, location] and [teleport, targets, destination] with inputs: [0.1 -0.5 .9, 0 0 0]
[13:09:28] [main/INFO]: Loaded 0 recipes
[13:09:28] [main/INFO]: Loaded 0 advancements
[13:09:31] [Server thread/INFO]: Starting minecraft server version 1.13.1
[13:09:31] [Server thread/INFO]: Loading properties
[13:09:31] [Server thread/INFO]: Default game type: SURVIVAL
[13:09:31] [Server thread/INFO]: Generating keypair
[13:09:31] [Server thread/INFO]: Starting Minecraft server on *:25565
[13:09:31] [Server thread/INFO]: Using default channel type
[13:09:31] [Server thread/INFO]: Preparing level "world"
[13:09:31] [Server thread/INFO]: Reloading ResourceManager: Default
[13:09:32] [Server thread/INFO]: Loaded 524 recipes
[13:09:32] [Server thread/INFO]: Loaded 571 advancements
[13:09:32] [Server thread/INFO]: Preparing start region for dimension minecraft:overworld
[13:09:33] [Server thread/INFO]: Preparing spawn area: 4%
[13:09:33] [Server thread/INFO]: Preparing spawn area: 8%
[13:09:33] [Server thread/INFO]: Preparing spawn area: 12%
[13:09:33] [Server thread/INFO]: Preparing spawn area: 16%
[13:09:33] [Server thread/INFO]: Preparing spawn area: 20%
[13:09:33] [Server thread/INFO]: Preparing spawn area: 24%
[13:09:33] [Server thread/INFO]: Preparing spawn area: 28%
[13:09:33] [Server thread/INFO]: Preparing spawn area: 32%
[13:09:33] [Server thread/INFO]: Preparing spawn area: 36%
[13:09:34] [Server thread/INFO]: Preparing spawn area: 40%
[13:09:34] [Server thread/INFO]: Preparing spawn area: 44%
[13:09:34] [Server thread/INFO]: Preparing spawn area: 48%
[13:09:34] [Server thread/INFO]: Preparing spawn area: 52%
[13:09:34] [Server thread/INFO]: Preparing spawn area: 56%
[13:09:34] [Server thread/INFO]: Preparing spawn area: 60%
[13:09:34] [Server thread/INFO]: Preparing spawn area: 64%
[13:09:34] [Server thread/INFO]: Preparing spawn area: 68%
[13:09:34] [Server thread/INFO]: Preparing spawn area: 72%
[13:09:34] [Server thread/INFO]: Preparing spawn area: 76%
[13:09:34] [Server thread/INFO]: Preparing spawn area: 80%
[13:09:34] [Server thread/INFO]: Preparing spawn area: 84%
[13:09:34] [Server thread/INFO]: Preparing spawn area: 88%
[13:09:34] [Server thread/INFO]: Preparing spawn area: 92%
[13:09:34] [Server thread/INFO]: Preparing spawn area: 96%
[13:09:34] [Server thread/INFO]: Preparing spawn area: 100%
[13:09:34] [Server thread/INFO]: Time elapsed: 1914 ms
[13:09:34] [Server thread/INFO]: Done (3.423s)! For help, type "help"
[13:10:03] [User Authenticator #1/INFO]: UUID of player Glennonr6 is 01ee51b9-cbea-4221-8156-a03cfb7cacb3
[13:10:03] [Server thread/INFO]: Glennonr6[/127.0.0.1:52993] logged in with entity id 95 at (651.8377237192495, 101.0, -323.04955795373337)
[13:10:03] [Server thread/INFO]: Glennonr6 joined the game
[13:10:05] [Server thread/WARN]: Can't keep up! Is the server overloaded? Running 2080ms or 41 ticks behind
[13:14:11] [Server thread/INFO]: Glennonr6 lost connection: Disconnected
[13:14:11] [Server thread/INFO]: Glennonr6 left the game
[13:14:17] [Server thread/INFO]: Stopping server
[13:14:17] [Server thread/INFO]: Saving players
[13:14:17] [Server thread/INFO]: Saving worlds
[13:14:17] [Server thread/INFO]: Saving chunks for level 'world'/minecraft:the_nether
[13:14:17] [Server thread/INFO]: Saving chunks for level 'world'/minecraft:overworld
[13:14:17] [Server thread/INFO]: Saving chunks for level 'world'/minecraft:the_end
[13:14:17] [Server Shutdown Thread/INFO]: Stopping server
[13:14:17] [Server Shutdown Thread/INFO]: Saving players
[13:14:17] [Server Shutdown Thread/INFO]: Saving worlds
[13:14:17] [Server Shutdown Thread/INFO]: Saving chunks for level 'world'/minecraft:the_nether
